<?xml version="1.0" encoding="UTF-8"?>
<testsuite xmlns:xsi="http://www.w3.org/2001/XMLSchema-instance" xsi:schemaLocation="https://maven.apache.org/surefire/maven-surefire-plugin/xsd/surefire-test-report.xsd" name="parallelTest" time="22.64" tests="6" errors="0" skipped="0" failures="0">
  <properties>
[...]
</properties>
  <testcase name="test1" classname="parallelTest" time="9.455"/>
  <testcase name="test2" classname="parallelTest" time="8.224"/>
  <testcase name="test3" classname="parallelTest" time="6.143"/>
  <testcase name="test4" classname="parallelTest" time="5.205"/>
  <testcase name="test5" classname="parallelTest" time="8.238"/>
  <testcase name="test6" classname="parallelTest" time="7.978"/>
</testsuite>